Compiling the C compiler identification source file "CMakeCCompilerId.c" failed.
Compiler: cl 
Build flags: 
Id flags: 

The output was:
The system cannot find the file specified


Compiling the C compiler identification source file "CMakeCCompilerId.c" failed.
Compiler: cl 
Build flags: 
Id flags: -c

The output was:
The system cannot find the file specified


Compiling the C compiler identification source file "CMakeCCompilerId.c" failed.
Compiler: cl 
Build flags: 
Id flags: -Aa

The output was:
The system cannot find the file specified


Checking whether the C compiler is IAR using "" did not match "IAR .+ Compiler":
Compiling the C compiler identification source file "CMakeCCompilerId.c" failed.
Compiler: cl 
Build flags: 
Id flags: 

The output was:
The system cannot find the file specified


Compiling the C compiler identification source file "CMakeCCompilerId.c" failed.
Compiler: cl 
Build flags: 
Id flags: -c

The output was:
The system cannot find the file specified


Compiling the C compiler identification source file "CMakeCCompilerId.c" failed.
Compiler: cl 
Build flags: 
Id flags: -Aa

The output was:
The system cannot find the file specified


Checking whether the C compiler is IAR using "" did not match "IAR .+ Compiler":
Compiling the C compiler identification source file "CMakeCCompilerId.c" failed.
Compiler: C:/Program Files (x86)/Microsoft Visual Studio 12.0/VC/bin/cl.exe 
Build flags: 
Id flags: 

The output was:
2
Microsoft (R) C/C++ Optimizing Compiler Version 18.00.31101 for x86
Copyright (C) Microsoft Corporation.  All rights reserved.

CMakeCCompilerId.c
Microsoft (R) Incremental Linker Version 12.00.31101.0
Copyright (C) Microsoft Corporation.  All rights reserved.

/out:CMakeCCompilerId.exe 
CMakeCCompilerId.obj 
LINK : error LNK2001: unresolved external symbol _mainCRTStartup
CMakeCCompilerId.exe : fatal error LNK1120: 1 unresolved externals


Determining if the C compiler works failed with the following output:
Change Dir: C:/libssh2-1.6.0/bin/CMakeFiles/CMakeTmp

Run Build Command:"nmake" "/NOLOGO" "cmTC_c09c8\fast"
	"C:\Program Files (x86)\Microsoft Visual Studio 12.0\VC\bin\nmake.exe" -f CMakeFiles\cmTC_c09c8.dir\build.make /nologo -L                  CMakeFiles\cmTC_c09c8.dir\build
Building C object CMakeFiles/cmTC_c09c8.dir/testCCompiler.c.obj
	C:\PROGRA~2\MICROS~1.0\VC\bin\cl.exe  @C:\Users\DASLAB~1\AppData\Local\Temp\nm555E.tmp
testCCompiler.c
Linking C executable cmTC_c09c8.exe
	"C:\Program Files (x86)\cmake-3.3.0-rc3-win32-x86\bin\cmake.exe" -E vs_link_exe C:\PROGRA~2\MICROS~1.0\VC\bin\link.exe /nologo @CMakeFiles\cmTC_c09c8.dir\objects1.rsp @C:\Users\DASLAB~1\AppData\Local\Temp\nm56C6.tmp
The parameter is incorrectLINK : fatal error LNK1104: cannot open file 'cmTC_c09c8.exe.embed.manifest.res'
LINK Pass 1 failed. with 1104
NMAKE : fatal error U1077: '"C:\Program Files (x86)\cmake-3.3.0-rc3-win32-x86\bin\cmake.exe"' : return code '0xffffffff'
Stop.
NMAKE : fatal error U1077: '"C:\Program Files (x86)\Microsoft Visual Studio 12.0\VC\bin\nmake.exe"' : return code '0x2'
Stop.


